<?xml version="1.0" encoding="UTF-8"?>
<!-- Generated by org.testng.reporters.JUnitReportReporter -->
<testsuite hostname="MAVBCP3168" failures="0" tests="2" name="maven.sampleSelenium" time="35.087" errors="0" timestamp="2021-09-15T10:36:47 IST" skipped="0">
  <testcase classname="maven.sampleSelenium" name="TestMethod" time="21.351"/>
  <system-out/>
  <testcase classname="maven.sampleSelenium" name="TestMethod1" time="13.736"/>
  <system-out/>
</testsuite> <!-- maven.sampleSelenium -->
